Using pre-set license
Built from '2020.3/staging' branch; Version is '2020.3.28f1 (f5400f52e03f) revision 16072719'; Using compiler version '192528614'; Build Type 'Release'
OS: 'Windows 10  (10.0.19044) 64bit Core' Language: 'fr' Physical Memory: 7963 MB
BatchMode: 1, IsHumanControllingUs: 0, StartBugReporterOnCrash: 0, Is64bit: 1, IsPro: 0

COMMAND LINE ARGUMENTS:
C:\Program Files\Unity\Hub\Editor\2020.3.28f1\Editor\Unity.exe
-adb2
-batchMode
-noUpm
-name
AssetImportWorker1
-projectPath
C:/Users/hilmi/Documents/GitHub/Eirbmon_Unity/EirbMon_shared
-logFile
Logs/AssetImportWorker1.log
-srvPort
55018
Successfully changed project path to: C:/Users/hilmi/Documents/GitHub/Eirbmon_Unity/EirbMon_shared
C:/Users/hilmi/Documents/GitHub/Eirbmon_Unity/EirbMon_shared
Using Asset Import Pipeline V2.
Refreshing native plugins compatible for Editor in 159.27 ms, found 3 plugins.
Preloading 0 native plugins for Editor in 0.00 ms.
Initialize engine version: 2020.3.28f1 (f5400f52e03f)
[Subsystems] Discovering subsystems at path C:/Program Files/Unity/Hub/Editor/2020.3.28f1/Editor/Data/Resources/UnitySubsystems
[Subsystems] Discovering subsystems at path C:/Users/hilmi/Documents/GitHub/Eirbmon_Unity/EirbMon_shared/Assets
GfxDevice: creating device client; threaded=0
Direct3D:
    Version:  Direct3D 11.0 [level 11.1]
    Renderer: Intel(R) UHD Graphics (ID=0x8a56)
    Vendor:   
    VRAM:     3981 MB
    Driver:   27.20.100.9415
Initialize mono
Mono path[0] = 'C:/Program Files/Unity/Hub/Editor/2020.3.28f1/Editor/Data/Managed'
Mono path[1] = 'C:/Program Files/Unity/Hub/Editor/2020.3.28f1/Editor/Data/MonoBleedingEdge/lib/mono/unityjit'
Mono config path = 'C:/Program Files/Unity/Hub/Editor/2020.3.28f1/Editor/Data/MonoBleedingEdge/etc'
Using monoOptions --debugger-agent=transport=dt_socket,embedding=1,server=y,suspend=n,address=127.0.0.1:56640
Begin MonoManager ReloadAssembly
Registering precompiled unity dll's ...
Register platform support module: C:/Program Files/Unity/Hub/Editor/2020.3.28f1/Editor/Data/PlaybackEngines/WebGLSupport/UnityEditor.WebGL.Extensions.dll
Register platform support module: C:/Program Files/Unity/Hub/Editor/2020.3.28f1/Editor/Data/PlaybackEngines/WindowsStandaloneSupport/UnityEditor.WindowsStandalone.Extensions.dll
Registered in 0.005342 seconds.
Native extension for WindowsStandalone target not found
Native extension for WebGL target not found
Refreshing native plugins compatible for Editor in 170.17 ms, found 3 plugins.
Preloading 0 native plugins for Editor in 0.00 ms.
Mono: successfully reloaded assembly
- Completed reload, in  1.564 seconds
Domain Reload Profiling:
	ReloadAssembly (1564ms)
		BeginReloadAssembly (161ms)
			ExecutionOrderSort (0ms)
			DisableScriptedObjects (0ms)
			BackupInstance (0ms)
			ReleaseScriptingObjects (0ms)
			CreateAndSetChildDomain (2ms)
		EndReloadAssembly (1218ms)
			LoadAssemblies (156ms)
			RebuildTransferFunctionScriptingTraits (0ms)
			SetupTypeCache (369ms)
			ReleaseScriptCaches (0ms)
			RebuildScriptCaches (79ms)
			SetupLoadedEditorAssemblies (508ms)
				LogAssemblyErrors (0ms)
				InitializePlatformSupportModulesInManaged (13ms)
				SetLoadedEditorAssemblies (1ms)
				RefreshPlugins (170ms)
				BeforeProcessingInitializeOnLoad (40ms)
				ProcessInitializeOnLoadAttributes (218ms)
				ProcessInitializeOnLoadMethodAttributes (65ms)
				AfterProcessingInitializeOnLoad (0ms)
				EditorAssembliesLoaded (0ms)
			ExecutionOrderSort2 (0ms)
			AwakeInstancesAfterBackupRestoration (0ms)
Platform modules already initialized, skipping
Registering precompiled user dll's ...
Registered in 0.013883 seconds.
Begin MonoManager ReloadAssembly
Native extension for WindowsStandalone target not found
Native extension for WebGL target not found
Refreshing native plugins compatible for Editor in 136.26 ms, found 3 plugins.
Preloading 0 native plugins for Editor in 0.00 ms.
Mono: successfully reloaded assembly
- Completed reload, in  2.855 seconds
Domain Reload Profiling:
	ReloadAssembly (2858ms)
		BeginReloadAssembly (355ms)
			ExecutionOrderSort (0ms)
			DisableScriptedObjects (12ms)
			BackupInstance (0ms)
			ReleaseScriptingObjects (0ms)
			CreateAndSetChildDomain (42ms)
		EndReloadAssembly (2342ms)
			LoadAssemblies (318ms)
			RebuildTransferFunctionScriptingTraits (0ms)
			SetupTypeCache (685ms)
			ReleaseScriptCaches (1ms)
			RebuildScriptCaches (115ms)
			SetupLoadedEditorAssemblies (939ms)
				LogAssemblyErrors (0ms)
				InitializePlatformSupportModulesInManaged (11ms)
				SetLoadedEditorAssemblies (0ms)
				RefreshPlugins (136ms)
				BeforeProcessingInitializeOnLoad (202ms)
				ProcessInitializeOnLoadAttributes (528ms)
				ProcessInitializeOnLoadMethodAttributes (49ms)
				AfterProcessingInitializeOnLoad (12ms)
				EditorAssembliesLoaded (0ms)
			ExecutionOrderSort2 (0ms)
			AwakeInstancesAfterBackupRestoration (17ms)
Platform modules already initialized, skipping
========================================================================
Worker process is ready to serve import requests
Launched and connected shader compiler UnityShaderCompiler.exe after 0.14 seconds
Refreshing native plugins compatible for Editor in 1.39 ms, found 3 plugins.
Preloading 0 native plugins for Editor in 0.00 ms.
Unloading 2221 Unused Serialized files (Serialized files now loaded: 0)
System memory in use before: 96.7 MB.
System memory in use after: 96.6 MB.

Unloading 36 unused Assets to reduce memory usage. Loaded Objects now: 2652.
Total: 7.834800 ms (FindLiveObjects: 0.216400 ms CreateObjectMapping: 0.119300 ms MarkObjects: 7.074700 ms  DeleteObjects: 0.422000 ms)

AssetImportParameters requested are different than current active one (requested -> active):
  custom:framework-win-MediaFoundation: 216162199b28c13a410421893ffa2e32 -> 
  custom:video-decoder-ogg-theora: a1e56fd34408186e4bbccfd4996cb3dc -> 
  custom:container-muxer-webm: aa71ff27fc2769a1b78a27578f13a17b -> 
  custom:container-demuxer-webm: 4f35f7cbe854078d1ac9338744f61a02 -> 
  custom:container-demuxer-ogg: 62fdf1f143b41e24485cea50d1cbac27 -> 
  custom:video-encoder-webm-vp8: eb34c28f22e8b96e1ab97ce403110664 -> 
  custom:video-decoder-webm-vp8: 9c59270c3fd7afecdb556c50c9e8de78 -> 
  custom:audio-decoder-ogg-vorbis: bf7c407c2cedff20999df2af8eb42d56 -> 
  custom:audio-encoder-webm-vorbis: bf7c407c2cedff20999df2af8eb42d56 -> 
========================================================================
Received Import Request.
  path: Assets/Game/Resources/Pokemons/Elec Bee.asset
  artifactKey: Guid(08caa469c24894ab69a78013c7e86ce7) Importer(815301076,1909f56bfc062723c751e8b465ee728b)
Start importing Assets/Game/Resources/Pokemons/Elec Bee.asset using Guid(08caa469c24894ab69a78013c7e86ce7) Importer(815301076,1909f56bfc062723c751e8b465ee728b)  -> (artifact id: '393ae38cea21ece6c952b0e9f61a8d9d') in 0.068767 seconds 
  Import took 0.079013 seconds .

========================================================================
Received Import Request.
  Time since last request: 0.000713 seconds.
  path: Assets/Game/Resources/Moves/Cyber Attack.asset
  artifactKey: Guid(e62cbbe16745d43f6aecb10f3debbf47) Importer(815301076,1909f56bfc062723c751e8b465ee728b)
Start importing Assets/Game/Resources/Moves/Cyber Attack.asset using Guid(e62cbbe16745d43f6aecb10f3debbf47) Importer(815301076,1909f56bfc062723c751e8b465ee728b)  -> (artifact id: '4e2d58609da3b82765c9cd5b6221cd41') in 0.030329 seconds 
  Import took 0.038727 seconds .

========================================================================
Received Import Request.
  Time since last request: 0.000511 seconds.
  path: Assets/Game/Resources/Moves/Tackle.asset
  artifactKey: Guid(63b80f65a9ead488ab20caa11ac58a23) Importer(815301076,1909f56bfc062723c751e8b465ee728b)
Start importing Assets/Game/Resources/Moves/Tackle.asset using Guid(63b80f65a9ead488ab20caa11ac58a23) Importer(815301076,1909f56bfc062723c751e8b465ee728b)  -> (artifact id: 'ef9a74015f070005a94ee3a56c3af276') in 0.031014 seconds 
  Import took 0.040778 seconds .

========================================================================
Received Import Request.
  Time since last request: 0.000811 seconds.
  path: Assets/Game/Resources/Pokemons/info Bee.asset
  artifactKey: Guid(d8e58edf6161f475e90f8795f3cd470f) Importer(815301076,1909f56bfc062723c751e8b465ee728b)
Start importing Assets/Game/Resources/Pokemons/info Bee.asset using Guid(d8e58edf6161f475e90f8795f3cd470f) Importer(815301076,1909f56bfc062723c751e8b465ee728b)  -> (artifact id: '6f3b3d0affd245e17fa2c61faa33df25') in 0.038086 seconds 
  Import took 0.048930 seconds .

========================================================================
Received Import Request.
  Time since last request: 0.000412 seconds.
  path: Assets/Game/Resources/Moves/Earthquake.asset
  artifactKey: Guid(59e8e1c87f9974d3e91bcdf472ec5bbe) Importer(815301076,1909f56bfc062723c751e8b465ee728b)
Start importing Assets/Game/Resources/Moves/Earthquake.asset using Guid(59e8e1c87f9974d3e91bcdf472ec5bbe) Importer(815301076,1909f56bfc062723c751e8b465ee728b)  -> (artifact id: '36c5ae83a8456e667e828b53f6bc4408') in 0.022074 seconds 
  Import took 0.032161 seconds .

========================================================================
Received Import Request.
  Time since last request: 0.000392 seconds.
  path: Assets/Game/Resources/Moves/Thunder.asset
  artifactKey: Guid(5ac02213612ac4778a6dd0297cfecbb3) Importer(815301076,1909f56bfc062723c751e8b465ee728b)
Start importing Assets/Game/Resources/Moves/Thunder.asset using Guid(5ac02213612ac4778a6dd0297cfecbb3) Importer(815301076,1909f56bfc062723c751e8b465ee728b)  -> (artifact id: '2aad5aec1e75bd2593226f485843208d') in 0.025072 seconds 
  Import took 0.036987 seconds .

========================================================================
Received Import Request.
  Time since last request: 0.000586 seconds.
  path: Assets/Game/Resources/Pokemons/Telecom Bee.asset
  artifactKey: Guid(c49146017381146cfb63b6920c826519) Importer(815301076,1909f56bfc062723c751e8b465ee728b)
Start importing Assets/Game/Resources/Pokemons/Telecom Bee.asset using Guid(c49146017381146cfb63b6920c826519) Importer(815301076,1909f56bfc062723c751e8b465ee728b)  -> (artifact id: 'fb5e5e7fb11e8b6cddd9b321a44aa303') in 0.027337 seconds 
  Import took 0.035270 seconds .

========================================================================
Received Import Request.
  Time since last request: 0.000347 seconds.
  path: Assets/Game/Resources/Pokemons/Matmeca Bee.asset
  artifactKey: Guid(53c1ef596a5624bce8deecf3d7179e15) Importer(815301076,1909f56bfc062723c751e8b465ee728b)
Start importing Assets/Game/Resources/Pokemons/Matmeca Bee.asset using Guid(53c1ef596a5624bce8deecf3d7179e15) Importer(815301076,1909f56bfc062723c751e8b465ee728b)  -> (artifact id: 'aa4d2dabf2b4ee45b9206cfde24053d6') in 0.015037 seconds 
  Import took 0.024116 seconds .

========================================================================
Received Import Request.
  Time since last request: 0.000515 seconds.
  path: Assets/Game/Resources/Moves/Radio Wave.asset
  artifactKey: Guid(cf414247eb1f140659eca87f77e831d6) Importer(815301076,1909f56bfc062723c751e8b465ee728b)
Start importing Assets/Game/Resources/Moves/Radio Wave.asset using Guid(cf414247eb1f140659eca87f77e831d6) Importer(815301076,1909f56bfc062723c751e8b465ee728b)  -> (artifact id: '6940899e9c9498a2ce7c7e3ec8a0f9bd') in 0.025125 seconds 
  Import took 0.035166 seconds .

========================================================================
Received Import Request.
  Time since last request: 0.000398 seconds.
  path: Assets/Game/Resources/Moves/Fluid Mechanics.asset
  artifactKey: Guid(4085e6b71ff6c433e9c548ee40dedca8) Importer(815301076,1909f56bfc062723c751e8b465ee728b)
Start importing Assets/Game/Resources/Moves/Fluid Mechanics.asset using Guid(4085e6b71ff6c433e9c548ee40dedca8) Importer(815301076,1909f56bfc062723c751e8b465ee728b)  -> (artifact id: '4b737cae96ac5a4c6b9fa8011f13398b') in 0.017734 seconds 
  Import took 0.030170 seconds .

========================================================================
Received Import Request.
  Time since last request: 0.000331 seconds.
  path: Assets/Game/Resources/Moves/Water Gun.asset
  artifactKey: Guid(0c844b83d56904cac8275b321dbd3cfa) Importer(815301076,1909f56bfc062723c751e8b465ee728b)
Start importing Assets/Game/Resources/Moves/Water Gun.asset using Guid(0c844b83d56904cac8275b321dbd3cfa) Importer(815301076,1909f56bfc062723c751e8b465ee728b)  -> (artifact id: '5e5b101c0842cd360a6f89dd3dbb5862') in 0.017798 seconds 
  Import took 0.026633 seconds .

========================================================================
Received Import Request.
  Time since last request: 321.451531 seconds.
  path: Assets/Art/Pokemon
  artifactKey: Guid(c43a3df6f5b8c4b9fab14963e8d20e8d) Importer(815301076,1909f56bfc062723c751e8b465ee728b)
Start importing Assets/Art/Pokemon using Guid(c43a3df6f5b8c4b9fab14963e8d20e8d) Importer(815301076,1909f56bfc062723c751e8b465ee728b)  -> (artifact id: 'b72254683541c3bdcadef6fbedfc3ebc') in 0.019200 seconds 
  Import took 0.028992 seconds .

========================================================================
Received Import Request.
  Time since last request: 1.194277 seconds.
  path: Assets/Art/Pokemon/Back/abeille_base_elec_back.png
  artifactKey: Guid(3c7342798897841579cb3cdb94242202) Importer(815301076,1909f56bfc062723c751e8b465ee728b)
Start importing Assets/Art/Pokemon/Back/abeille_base_elec_back.png using Guid(3c7342798897841579cb3cdb94242202) Importer(815301076,1909f56bfc062723c751e8b465ee728b)  -> (artifact id: '1055cf3078102af349c35dff2f1e0930') in 0.251182 seconds 
  Import took 0.258665 seconds .

========================================================================
Received Import Request.
  Time since last request: 0.000604 seconds.
  path: Assets/Art/Pokemon/Back
  artifactKey: Guid(74fd3b03f0c574c779a7605f4c1c495f) Importer(815301076,1909f56bfc062723c751e8b465ee728b)
Start importing Assets/Art/Pokemon/Back using Guid(74fd3b03f0c574c779a7605f4c1c495f) Importer(815301076,1909f56bfc062723c751e8b465ee728b)  -> (artifact id: '94094cdd12cb4ca7b21e7a0ea79781cb') in 0.015069 seconds 
  Import took 0.023209 seconds .

========================================================================
Received Import Request.
  Time since last request: 0.000508 seconds.
  path: Assets/Art/Pokemon/Back/abeille_base_info_back.png
  artifactKey: Guid(9783e8787b2534ee3b37444e33c1bdcd) Importer(815301076,1909f56bfc062723c751e8b465ee728b)
Start importing Assets/Art/Pokemon/Back/abeille_base_info_back.png using Guid(9783e8787b2534ee3b37444e33c1bdcd) Importer(815301076,1909f56bfc062723c751e8b465ee728b)  -> (artifact id: '99d22a45241637e89a3f54e8d4372733') in 0.046421 seconds 
  Import took 0.055197 seconds .

========================================================================
Received Import Request.
  Time since last request: 0.000381 seconds.
  path: Assets/Art/Pokemon/Back/abeille_base_matmeca_back.png
  artifactKey: Guid(04a123abfe52e47c6ac2dca587c54cc0) Importer(815301076,1909f56bfc062723c751e8b465ee728b)
Start importing Assets/Art/Pokemon/Back/abeille_base_matmeca_back.png using Guid(04a123abfe52e47c6ac2dca587c54cc0) Importer(815301076,1909f56bfc062723c751e8b465ee728b)  -> (artifact id: '708592c04e8fb252526c88881c1ec02a') in 0.053247 seconds 
  Import took 0.062998 seconds .

========================================================================
Received Import Request.
  Time since last request: 0.000423 seconds.
  path: Assets/Art/Pokemon/Back/abeille_base_telecom_back.png
  artifactKey: Guid(1f20c4d161c344d508290dd838af01f7) Importer(815301076,1909f56bfc062723c751e8b465ee728b)
Start importing Assets/Art/Pokemon/Back/abeille_base_telecom_back.png using Guid(1f20c4d161c344d508290dd838af01f7) Importer(815301076,1909f56bfc062723c751e8b465ee728b)  -> (artifact id: 'b7453774abf0e3aafab76f1886fcc030') in 0.041590 seconds 
  Import took 0.049246 seconds .

========================================================================
Received Import Request.
  Time since last request: 94.735465 seconds.
  path: Assets/Art/gfx/basic_colors.png
  artifactKey: Guid(434f2fcb1e1a94527853753e9c2a0942) Importer(815301076,1909f56bfc062723c751e8b465ee728b)
Start importing Assets/Art/gfx/basic_colors.png using Guid(434f2fcb1e1a94527853753e9c2a0942) Importer(815301076,1909f56bfc062723c751e8b465ee728b)  -> (artifact id: 'a983f10f6cf07a5097f0075df6eef4b1') in 0.034542 seconds 
  Import took 0.045538 seconds .

========================================================================
Received Import Request.
  Time since last request: 0.000477 seconds.
  path: Assets/Art/gfx/Enseirb_pannel.png
  artifactKey: Guid(7301e58d299bf42d5b03f4a29585fc4e) Importer(815301076,1909f56bfc062723c751e8b465ee728b)
Start importing Assets/Art/gfx/Enseirb_pannel.png using Guid(7301e58d299bf42d5b03f4a29585fc4e) Importer(815301076,1909f56bfc062723c751e8b465ee728b)  -> (artifact id: 'ffd72522573ae52ab1b7f77eb23843f6') in 0.037728 seconds 
  Import took 0.047336 seconds .

========================================================================
Received Import Request.
  Time since last request: 0.000521 seconds.
  path: Assets/Art/gfx/Overworld.png
  artifactKey: Guid(cb3a56e86b2bb9c4991509ad74cde6ad) Importer(815301076,1909f56bfc062723c751e8b465ee728b)
Start importing Assets/Art/gfx/Overworld.png using Guid(cb3a56e86b2bb9c4991509ad74cde6ad) Importer(815301076,1909f56bfc062723c751e8b465ee728b)  -> (artifact id: '9dc7bc9a9c794d36bf07db5ae9387d0f') in 6.210657 seconds 
  Import took 6.226702 seconds .

========================================================================
Received Import Request.
  Time since last request: 0.000418 seconds.
  path: Assets/Art/Battle/dialog-plain.png
  artifactKey: Guid(186b3e854bade49cc9bc1851168f1d96) Importer(815301076,1909f56bfc062723c751e8b465ee728b)
Start importing Assets/Art/Battle/dialog-plain.png using Guid(186b3e854bade49cc9bc1851168f1d96) Importer(815301076,1909f56bfc062723c751e8b465ee728b)  -> (artifact id: 'd1639e87cfee9f90e7e3ba3883c1834a') in 0.034512 seconds 
  Import took 0.043614 seconds .

========================================================================
Received Import Request.
  Time since last request: 0.000370 seconds.
  path: Assets/Art/gfx/cave.png
  artifactKey: Guid(7a226a989b1bda7439086c5777172e91) Importer(815301076,1909f56bfc062723c751e8b465ee728b)
Start importing Assets/Art/gfx/cave.png using Guid(7a226a989b1bda7439086c5777172e91) Importer(815301076,1909f56bfc062723c751e8b465ee728b)  -> (artifact id: '00a5a39eae913a70c6bf8b5428cf65f9') in 0.027946 seconds 
  Import took 0.037232 seconds .

========================================================================
Received Import Request.
  Time since last request: 0.000402 seconds.
  path: Assets/Art/Battle/Battle Backgrounds.png
  artifactKey: Guid(7602a95bbf8214e078fff1ab7de471f2) Importer(815301076,1909f56bfc062723c751e8b465ee728b)
Start importing Assets/Art/Battle/Battle Backgrounds.png using Guid(7602a95bbf8214e078fff1ab7de471f2) Importer(815301076,1909f56bfc062723c751e8b465ee728b)  -> (artifact id: 'c7e075e0441e33278a991c36fd9a5b1a') in 0.123929 seconds 
  Import took 0.131634 seconds .

========================================================================
Received Import Request.
  Time since last request: 0.000495 seconds.
  path: Assets/Art/gfx/font.png
  artifactKey: Guid(b8cbe706126619d40903c50fb9d63dd1) Importer(815301076,1909f56bfc062723c751e8b465ee728b)
Start importing Assets/Art/gfx/font.png using Guid(b8cbe706126619d40903c50fb9d63dd1) Importer(815301076,1909f56bfc062723c751e8b465ee728b)  -> (artifact id: '847c40599006d7120f52ba1b6800bbc0') in 0.030085 seconds 
  Import took 0.037868 seconds .

========================================================================
Received Import Request.
  Time since last request: 0.000310 seconds.
  path: Assets/Art/gfx/character.png
  artifactKey: Guid(3111f23cd57d2be48b2ee6bac4a23588) Importer(815301076,1909f56bfc062723c751e8b465ee728b)
Start importing Assets/Art/gfx/character.png using Guid(3111f23cd57d2be48b2ee6bac4a23588) Importer(815301076,1909f56bfc062723c751e8b465ee728b)  -> (artifact id: '92dc134d5636330e099651092bdf3ccd') in 0.499141 seconds 
  Import took 0.507216 seconds .

========================================================================
Received Import Request.
  Time since last request: 0.000470 seconds.
  path: Assets/Art/gfx/NPC_test.png
  artifactKey: Guid(233ed2c3c57795e428932b6a36398fec) Importer(815301076,1909f56bfc062723c751e8b465ee728b)
Start importing Assets/Art/gfx/NPC_test.png using Guid(233ed2c3c57795e428932b6a36398fec) Importer(815301076,1909f56bfc062723c751e8b465ee728b)  -> (artifact id: 'a497f4da471881dfac9c675a16f6cf96') in 0.027486 seconds 
  Import took 0.038174 seconds .

========================================================================
Received Import Request.
  Time since last request: 0.000574 seconds.
  path: Assets/Art/Battle/Orange kid.ttf
  artifactKey: Guid(02355bf4d2772481994131e5a7f751c7) Importer(815301076,1909f56bfc062723c751e8b465ee728b)
Start importing Assets/Art/Battle/Orange kid.ttf using Guid(02355bf4d2772481994131e5a7f751c7) Importer(815301076,1909f56bfc062723c751e8b465ee728b)  -> (artifact id: '71b6a64db2d08fbd270123a157d64771') in 0.159652 seconds 
  Import took 0.169657 seconds .

========================================================================
Received Import Request.
  Time since last request: 0.000485 seconds.
  path: Assets/Art/Pokemon/Front/abeille_base_elec.png
  artifactKey: Guid(6457312d3e19c4f39875e6f9b084045b) Importer(815301076,1909f56bfc062723c751e8b465ee728b)
Start importing Assets/Art/Pokemon/Front/abeille_base_elec.png using Guid(6457312d3e19c4f39875e6f9b084045b) Importer(815301076,1909f56bfc062723c751e8b465ee728b)  -> (artifact id: '7954da2544a232d37df4e2843f33aa63') in 0.042267 seconds 
  Import took 0.051538 seconds .

========================================================================
Received Import Request.
  Time since last request: 0.000464 seconds.
  path: Assets/Art/gfx/Inner.png
  artifactKey: Guid(457d1ade8f441be428fdc1c3ed0912ce) Importer(815301076,1909f56bfc062723c751e8b465ee728b)
Start importing Assets/Art/gfx/Inner.png using Guid(457d1ade8f441be428fdc1c3ed0912ce) Importer(815301076,1909f56bfc062723c751e8b465ee728b)  -> (artifact id: '4d1ca919bd44f3c4b7bc103e23e8047f') in 0.035503 seconds 
  Import took 0.042792 seconds .

========================================================================
Received Import Request.
  Time since last request: 0.000534 seconds.
  path: Assets/Art/Battle/hud-box.png
  artifactKey: Guid(85c1049f88eef4037b10a10c1316a3f2) Importer(815301076,1909f56bfc062723c751e8b465ee728b)
Start importing Assets/Art/Battle/hud-box.png using Guid(85c1049f88eef4037b10a10c1316a3f2) Importer(815301076,1909f56bfc062723c751e8b465ee728b)  -> (artifact id: '167d03b6568723a92c4fb5d58491783c') in 0.028147 seconds 
  Import took 0.034919 seconds .

========================================================================
Received Import Request.
  Time since last request: 0.000723 seconds.
  path: Assets/Art/gfx/tileset.png
  artifactKey: Guid(6092738183c668a4d924383acaf9eb5f) Importer(815301076,1909f56bfc062723c751e8b465ee728b)
Start importing Assets/Art/gfx/tileset.png using Guid(6092738183c668a4d924383acaf9eb5f) Importer(815301076,1909f56bfc062723c751e8b465ee728b)  -> (artifact id: 'b6a49ea2cee0d0dc92acfd76ca4f59c4') in 0.612528 seconds 
  Import took 0.624073 seconds .

========================================================================
Received Import Request.
  Time since last request: 0.000557 seconds.
  path: Assets/Art/gfx/npc.png
  artifactKey: Guid(926b6e7f8fab341b0980c8ec18a341d5) Importer(815301076,1909f56bfc062723c751e8b465ee728b)
Start importing Assets/Art/gfx/npc.png using Guid(926b6e7f8fab341b0980c8ec18a341d5) Importer(815301076,1909f56bfc062723c751e8b465ee728b)  -> (artifact id: '92c9fc27e0e29e035b702218be1bbc60') in 0.024746 seconds 
  Import took 0.033438 seconds .

========================================================================
Received Import Request.
  Time since last request: 0.000558 seconds.
  path: Assets/Art/Pokemon/Front/abeille_base_matmeca.png
  artifactKey: Guid(7238854961e43402d86253eaf66db6c5) Importer(815301076,1909f56bfc062723c751e8b465ee728b)
Start importing Assets/Art/Pokemon/Front/abeille_base_matmeca.png using Guid(7238854961e43402d86253eaf66db6c5) Importer(815301076,1909f56bfc062723c751e8b465ee728b)  -> (artifact id: '6275bd079d1b8d1192967d0f06d9dde6') in 0.041279 seconds 
  Import took 0.048210 seconds .

========================================================================
Received Import Request.
  Time since last request: 0.000574 seconds.
  path: Assets/Art/gfx/objects.png
  artifactKey: Guid(3ae12697ae504414bbf0797ea36dfddd) Importer(815301076,1909f56bfc062723c751e8b465ee728b)
Start importing Assets/Art/gfx/objects.png using Guid(3ae12697ae504414bbf0797ea36dfddd) Importer(815301076,1909f56bfc062723c751e8b465ee728b)  -> (artifact id: 'aaaa51bb82b862b5d703828858643f2d') in 0.026426 seconds 
  Import took 0.038095 seconds .

========================================================================
Received Import Request.
  Time since last request: 0.000586 seconds.
  path: Assets/Art/gfx/log.png
  artifactKey: Guid(ab399fa9a0252ec498e8d09938b87b2f) Importer(815301076,1909f56bfc062723c751e8b465ee728b)
Start importing Assets/Art/gfx/log.png using Guid(ab399fa9a0252ec498e8d09938b87b2f) Importer(815301076,1909f56bfc062723c751e8b465ee728b)  -> (artifact id: '6e9b7a325473659bcbe51fb07a2599d6') in 0.026774 seconds 
  Import took 0.035261 seconds .

========================================================================
Received Import Request.
  Time since last request: 0.000540 seconds.
  path: Assets/Art/Pokemon/Front/abeille_base_info.png
  artifactKey: Guid(43a56e125987049f191fcdeb4fa4ec2f) Importer(815301076,1909f56bfc062723c751e8b465ee728b)
Start importing Assets/Art/Pokemon/Front/abeille_base_info.png using Guid(43a56e125987049f191fcdeb4fa4ec2f) Importer(815301076,1909f56bfc062723c751e8b465ee728b)  -> (artifact id: '75b0599787ae6fdfe798512c40eee75c') in 0.040374 seconds 
  Import took 0.051274 seconds .

========================================================================
Received Import Request.
  Time since last request: 0.000549 seconds.
  path: Assets/Art/Pokemon/Front/abeille_base_telecom.png
  artifactKey: Guid(c8893cf7d578e4aa4ac63f9403297875) Importer(815301076,1909f56bfc062723c751e8b465ee728b)
Start importing Assets/Art/Pokemon/Front/abeille_base_telecom.png using Guid(c8893cf7d578e4aa4ac63f9403297875) Importer(815301076,1909f56bfc062723c751e8b465ee728b)  -> (artifact id: 'd04555b528b85ff377007adc7e158883') in 0.043807 seconds 
  Import took 0.052161 seconds .

AssetImportWorkerClient::OnTransportError - code=2 error=End of file
